
Showing logs for build [32mabayer-uppercase-org-bdd-gh-157-bpbsx-1[0m stage [32mfrom-build-pack[0m and container [32mstep-credential-initializer-bb7hc[0m
{"level":"warn","ts":1578336086.4345472,"logger":"fallback-logger","caller":"logging/config.go:69","msg":"Fetch GitHub commit ID from kodata failed: \"ref: refs/heads/0.8.0-**-support-backwards-incompats\" is not a valid GitHub commit ID"}
{"level":"info","ts":1578336086.435226,"logger":"fallback-logger","caller":"creds-init/main.go:40","msg":"Credentials initialized."}

Showing logs for build [32mabayer-uppercase-org-bdd-gh-157-bpbsx-1[0m stage [32mfrom-build-pack[0m and container [32mstep-working-dir-initializer-kb92x[0m
{"level":"warn","ts":1578336088.5694828,"logger":"fallback-logger","caller":"logging/config.go:69","msg":"Fetch GitHub commit ID from kodata failed: open /var/run/ko/HEAD: no such file or directory"}
{"level":"info","ts":1578336088.5737917,"logger":"fallback-logger","caller":"bash/main.go:64","msg":"Successfully executed command \"sh -c mkdir -p /workspace/source\"; output "}

Showing logs for build [32mabayer-uppercase-org-bdd-gh-157-bpbsx-1[0m stage [32mfrom-build-pack[0m and container [32mstep-place-tools[0m

Showing logs for build [32mabayer-uppercase-org-bdd-gh-157-bpbsx-1[0m stage [32mfrom-build-pack[0m and container [32mstep-git-source-abayer-uppercase-org-bdd-gh-157-ctwvt[0m
{"level":"warn","ts":1578336106.9111335,"logger":"fallback-logger","caller":"logging/config.go:69","msg":"Fetch GitHub commit ID from kodata failed: \"ref: refs/heads/0.8.0-**-support-backwards-incompats\" is not a valid GitHub commit ID"}
{"level":"info","ts":1578336108.0533345,"logger":"fallback-logger","caller":"git/git.go:103","msg":"Successfully cloned https://github.com/Abayer-UpperCase-Org/bdd-gh-1578239831.git @ v0.0.1 in path /workspace/source"}

Showing logs for build [32mabayer-uppercase-org-bdd-gh-157-bpbsx-1[0m stage [32mfrom-build-pack[0m and container [32mstep-git-merge[0m
Using SHAs from PULL_REFS=master:a6596184bd9e88e83951fbc2b23c22c7a9b6efb6
WARNING: no SHAs to merge, falling back to initial cloned commit

Showing logs for build [32mabayer-uppercase-org-bdd-gh-157-bpbsx-1[0m stage [32mfrom-build-pack[0m and container [32mstep-setup-jx-git-credentials[0m
Generated Git credentials file /workspace/xdg_config/git/credentials

Showing logs for build [32mabayer-uppercase-org-bdd-gh-157-bpbsx-1[0m stage [32mfrom-build-pack[0m and container [32mstep-build-make-build[0m
CGO_ENABLED=0 GO15VENDOREXPERIMENT=1 go build -ldflags '' -o bin/bdd-gh-1578239831 main.go

Showing logs for build [32mabayer-uppercase-org-bdd-gh-157-bpbsx-1[0m stage [32mfrom-build-pack[0m and container [32mstep-build-container-build[0m
[36mINFO[0m[0000] No base image, nothing to extract            
[36mINFO[0m[0000] cmd: EXPOSE                                  
[36mINFO[0m[0000] Adding exposed port: 8080/tcp                
[36mINFO[0m[0000] Using files from context: [/workspace/source/bin] 
[36mINFO[0m[0000] Skipping unpacking as no commands require it. 
[36mINFO[0m[0000] Taking snapshot of full filesystem...        
[36mINFO[0m[0000] EXPOSE 8080                                  
[36mINFO[0m[0000] cmd: EXPOSE                                  
[36mINFO[0m[0000] Adding exposed port: 8080/tcp                
[36mINFO[0m[0000] No files changed in this command, skipping snapshotting. 
[36mINFO[0m[0000] ENTRYPOINT ["/bdd-gh-1578239831"]            
[36mINFO[0m[0000] No files changed in this command, skipping snapshotting. 
[36mINFO[0m[0000] Using files from context: [/workspace/source/bin] 
[36mINFO[0m[0000] COPY ./bin/ /                                
[36mINFO[0m[0000] Taking snapshot of files...                  
2020/01/06 18:42:04 pushed blob: sha256:778dc45e52253ae61991848450da096b01fddc2c5b7e0edba4bae9201494f302
2020/01/06 18:42:04 pushed blob: sha256:53a45c2d172eb3e49c4569f4b4c8960ace683f009ceebf2ca79156052df71068
2020/01/06 18:42:06 gcr.io/******-**-experiment/bdd-gh-1578239831:0.0.1: digest: sha256:44837f08d344d1b808b17e14ce8c1eeace9fbfddba28442be5d6ebbc33e9d194 size: 428

Showing logs for build [32mabayer-uppercase-org-bdd-gh-157-bpbsx-1[0m stage [32mfrom-build-pack[0m and container [32mstep-build-post-build[0m
no CVE provider running in the current ** namespace so skip adding image to be analysed

Showing logs for build [32mabayer-uppercase-org-bdd-gh-157-bpbsx-1[0m stage [32mfrom-build-pack[0m and container [32mstep-promote-changelog[0m
Converted /workspace/source/charts/bdd-gh-1578239831 to an unshallow repository
Generating change log from git ref 0fa3072c3449759d38dfc89dff824f53c2ee0f0b => 32d9eb98b80eaf591b9405a23573b25fd2757ee2
Associating user x-0 in users.jenkins.io with email andrew.bayer@gmail.com to git GitProvider user with login -0 as emails match
Adding label jenkins.io/git-github-userid=-0 to user x-0 in users.jenkins.io
WARNING: Failed to enrich commit a6596184bd9e88e83951fbc2b23c22c7a9b6efb6 with issues: User.jenkins.io "x-0" is invalid: metadata.labels: Invalid value: "-0": a valid label must be an empty string or consist of alphanumeric characters, '-', '_' or '.', and must start and end with an alphanumeric character (e.g. 'MyValue',  or 'my_value',  or '12345', regex used for validation is '(([A-Za-z0-9][-A-Za-z0-9_.]*)?[A-Za-z0-9])?')
Finding issues in commit messages using git format
WARNING: No release found for Abayer-UpperCase-Org/bdd-gh-1578239831 and tag v0.0.1 so creating a new release
Updated the release information at https://github.com/Abayer-UpperCase-Org/bdd-gh-1578239831/releases/tag/v0.0.1
generated: /workspace/source/charts/bdd-gh-1578239831/templates/release.yaml
Created Release bdd-gh-1578239831-0-0-1 resource in namespace **
Updating PipelineActivity ******-uppercase-org-bdd-gh-1578239831-master-1 with version 0.0.1
Updated PipelineActivities ******-uppercase-org-bdd-gh-1578239831-master-1 with release notes URL: https://github.com/Abayer-UpperCase-Org/bdd-gh-1578239831/releases/tag/v0.0.1

Showing logs for build [32mabayer-uppercase-org-bdd-gh-157-bpbsx-1[0m stage [32mfrom-build-pack[0m and container [32mstep-promote-helm-release[0m
WARNING: No $CHART_REPOSITORY defined so using the default value of: http://jenkins-x-chartmuseum:8080
Adding missing Helm repo: storage.googleapis.com https://storage.googleapis.com/chartmuseum.jenkins-x.io
Successfully added Helm repository storage.googleapis.com.
Adding missing Helm repo: jenkins-x-chartmuseum http://jenkins-x-chartmuseum:8080
Successfully added Helm repository jenkins-x-chartmuseum.
WARNING: No $CHART_REPOSITORY defined so using the default value of: http://jenkins-x-chartmuseum:8080
Uploading chart file bdd-gh-1578239831-0.0.1.tgz to http://jenkins-x-chartmuseum:8080/api/charts
Received 201 response: {"saved":true}

Showing logs for build [32mabayer-uppercase-org-bdd-gh-157-bpbsx-1[0m stage [32mfrom-build-pack[0m and container [32mstep-promote-jx-promote[0m
WARNING: prow based install so skip waiting for the merge of Pull Requests to go green as currently there is an issue with gettingstatuses from the PR, see https://github.com/jenkins-x/**/issues/2410
WARNING: No $CHART_REPOSITORY defined so using the default value of: http://jenkins-x-chartmuseum:8080
Promoting app bdd-gh-1578239831 version 0.0.1 to namespace **-staging
WARNING: Waiting for the fork of ******/environment-******-test-cluster-staging to appear...
Forked Git repository to https://github.com/******/environment-******-test-cluster-staging
Created Pull Request: https://github.com/Abayer-UpperCase-Org/environment-******-test-cluster-staging/pull/1
Added label updatebot to Pull Request https://github.com/Abayer-UpperCase-Org/environment-******-test-cluster-staging/pull/1
WARNING: Failed to query the Pull Request last commit status for https://github.com/Abayer-UpperCase-Org/environment-******-test-cluster-staging/pull/1 ref 21f9d920cdbfb024fe4f72286ccb58bcd2e01c72 Could not find a status for repository ******-uppercase-org/environment-******-test-cluster-staging with ref 21f9d920cdbfb024fe4f72286ccb58bcd2e01c72
WARNING: Failed to query the Pull Request last commit status for https://github.com/Abayer-UpperCase-Org/environment-******-test-cluster-staging/pull/1 ref 21f9d920cdbfb024fe4f72286ccb58bcd2e01c72 Could not find a status for repository ******-uppercase-org/environment-******-test-cluster-staging with ref 21f9d920cdbfb024fe4f72286ccb58bcd2e01c72
Pull Request https://github.com/Abayer-UpperCase-Org/environment-******-test-cluster-staging/pull/1 is merged at sha bd055b24fd2a5bf46a06add269b1b95c3306b04f
Pull Request merged but we are not waiting for the update pipeline to complete!
WARNING: Could not find the service URL in namespace **-staging for names bdd-gh-1578239831, **-bdd-gh-1578239831, **-staging-bdd-gh-1578239831
